2024-08-27 15:57:52.528	error	/home/bao/code/go-test/cmd/server/main.go:61	Zap logger initialized successfully
2024-08-27 15:57:52.529	info	/home/bao/code/go-test/internal/infra/db/database.go:35	Database connection established successfully!
2024-08-27 15:57:52.529	info	/home/bao/code/go-test/cmd/server/main.go:75	Migrations applied successfully!
2024-08-27 16:15:07.712	info	/home/bao/code/go-test/internal/pkg/json/json_handler.go:30	Response writtenstatus201datamap[message:User registered successfully]
2024-08-27 16:16:57.105	info	/home/bao/code/go-test/internal/pkg/json/json_handler.go:30	Response writtenstatus200data{0  eyJhbGciOiJIUzI1NiIsInR5cCI6IkpXVCJ9.eyJlbWFpbCI6ImpvaG4uZG9lQGV4YW1wbGUuY29tIiwiZXhwIjoxNzI1MDA5NDE3LCJ1c2VySUQiOjF9.PxklkXuXLGXNnrbt0RtA0dusbWrvBtiNcdazTyRXzes   0001-01-01 00:00:00 +0000 UTC 0001-01-01 00:00:00 +0000 UTC}
2024-08-27 16:17:47.725	info	/home/bao/code/go-test/internal/pkg/json/json_handler.go:30	Response writtenstatus200data<nil>
2024-08-27 16:17:59.759	info	/home/bao/code/go-test/internal/pkg/json/json_handler.go:30	Response writtenstatus200data&{1 John Doe john.doe@example.com  1 2024-08-27 16:15:07.70234405 +0700 +0700 2024-08-27 16:15:07.702344148 +0700 +0700}
2024-08-27 16:31:13.760	info	/home/bao/code/go-test/cmd/server/main.go:98	Shutting down server...
2024-08-27 16:31:15.256	error	/home/bao/code/go-test/cmd/server/main.go:61	Zap logger initialized successfully
2024-08-27 16:31:15.256	info	/home/bao/code/go-test/internal/infra/db/database.go:35	Database connection established successfully!
2024-08-27 16:31:15.256	info	/home/bao/code/go-test/cmd/server/main.go:75	Migrations applied successfully!
2024-08-27 16:31:17.124	info	/home/bao/code/go-test/cmd/server/main.go:98	Shutting down server...
2024-08-27 16:31:17.125	info	/home/bao/code/go-test/cmd/server/main.go:102	Server exiting
2024-08-27 16:31:21.420	error	/home/bao/code/go-test/cmd/server/main.go:61	Zap logger initialized successfully
2024-08-27 16:31:21.421	info	/home/bao/code/go-test/internal/infra/db/database.go:35	Database connection established successfully!
2024-08-27 16:31:21.421	info	/home/bao/code/go-test/cmd/server/main.go:75	Migrations applied successfully!
2024-08-27 16:32:59.101	info	/home/bao/code/go-test/cmd/server/main.go:98	Shutting down server...
2024-08-27 16:42:38.948	error	/home/bao/code/go-test/cmd/server/main.go:61	Zap logger initialized successfully
2024-08-27 16:42:38.949	info	/home/bao/code/go-test/internal/infra/db/database.go:35	Database connection established successfully!
2024-08-27 16:42:38.949	info	/home/bao/code/go-test/cmd/server/main.go:75	Migrations applied successfully!
2024-08-27 16:42:55.985	info	/home/bao/code/go-test/internal/pkg/json/json_handler.go:30	Response written status 200data {[{1 120 https://example.com/video.mp4 1 2024-08-27 16:20:46.759304197 +0700 +0700 2024-08-27 16:20:46.759304239 +0700 +0700} {2 120 https://123example.com/video.mp4 1 2024-08-27 16:21:05.657659903 +0700 +0700 2024-08-27 16:21:05.657659946 +0700 +0700} {3 120 https://12qweqwe3example.com/video.mp4 1 2024-08-27 16:21:15.498146954 +0700 +0700 2024-08-27 16:21:15.498146998 +0700 +0700} {4 120 https://12qweqwwewee3example.com/video.mp4 1 2024-08-27 16:21:19.089920668 +0700 +0700 2024-08-27 16:21:19.089920723 +0700 +0700} {5 120 https://weqwwewee3example.com/video.mp4 1 2024-08-27 16:21:23.557308977 +0700 +0700 2024-08-27 16:21:23.55730903 +0700 +0700}]}
2024-08-27 16:43:54.529	info	/home/bao/code/go-test/cmd/server/main.go:98	Shutting down server...
2024-08-27 16:43:56.335	error	/home/bao/code/go-test/cmd/server/main.go:61	Zap logger initialized successfully
2024-08-27 16:43:56.336	info	/home/bao/code/go-test/internal/infra/db/database.go:35	Database connection established successfully!
2024-08-27 16:43:56.337	info	/home/bao/code/go-test/cmd/server/main.go:75	Migrations applied successfully!
2024-08-27 16:43:58.411	info	/home/bao/code/go-test/internal/pkg/json/json_handler.go:30	Response written status 200 data {[{1 120 https://example.com/video.mp4 1 2024-08-27 16:20:46.759304197 +0700 +0700 2024-08-27 16:20:46.759304239 +0700 +0700} {2 120 https://123example.com/video.mp4 1 2024-08-27 16:21:05.657659903 +0700 +0700 2024-08-27 16:21:05.657659946 +0700 +0700} {3 120 https://12qweqwe3example.com/video.mp4 1 2024-08-27 16:21:15.498146954 +0700 +0700 2024-08-27 16:21:15.498146998 +0700 +0700} {4 120 https://12qweqwwewee3example.com/video.mp4 1 2024-08-27 16:21:19.089920668 +0700 +0700 2024-08-27 16:21:19.089920723 +0700 +0700} {5 120 https://weqwwewee3example.com/video.mp4 1 2024-08-27 16:21:23.557308977 +0700 +0700 2024-08-27 16:21:23.55730903 +0700 +0700}]}
2024-08-27 16:47:12.108	info	/home/bao/code/go-test/internal/pkg/json/json_handler.go:30	Response written status 200 data {[]}
2024-08-27 16:47:21.081	info	/home/bao/code/go-test/internal/pkg/json/json_handler.go:30	Response written status 200 data {[]}
2024-08-27 16:47:27.550	info	/home/bao/code/go-test/internal/pkg/json/json_handler.go:30	Response written status 200 data {[]}
2024-08-27 16:47:32.156	error	/home/bao/code/go-test/internal/pkg/json/json_handler.go:53	Error occurred error Invalid user ID
2024-08-27 16:48:32.687	info	/home/bao/code/go-test/cmd/server/main.go:98	Shutting down server...
2024-08-27 16:48:34.450	error	/home/bao/code/go-test/cmd/server/main.go:61	Zap logger initialized successfully
2024-08-27 16:48:34.450	info	/home/bao/code/go-test/internal/infra/db/database.go:35	Database connection established successfully!
2024-08-27 16:48:34.450	info	/home/bao/code/go-test/cmd/server/main.go:75	Migrations applied successfully!
2024-08-27 16:48:37.266	error	/home/bao/code/go-test/internal/pkg/json/json_handler.go:53	Error occurred error: Invalid user ID
2024-08-27 16:48:54.718	info	/home/bao/code/go-test/internal/pkg/json/json_handler.go:30	Response written status: 200 data: {[{1 120 https://example.com/video.mp4 1 2024-08-27 16:20:46.759304197 +0700 +0700 2024-08-27 16:20:46.759304239 +0700 +0700} {2 120 https://123example.com/video.mp4 1 2024-08-27 16:21:05.657659903 +0700 +0700 2024-08-27 16:21:05.657659946 +0700 +0700} {3 120 https://12qweqwe3example.com/video.mp4 1 2024-08-27 16:21:15.498146954 +0700 +0700 2024-08-27 16:21:15.498146998 +0700 +0700} {4 120 https://12qweqwwewee3example.com/video.mp4 1 2024-08-27 16:21:19.089920668 +0700 +0700 2024-08-27 16:21:19.089920723 +0700 +0700} {5 120 https://weqwwewee3example.com/video.mp4 1 2024-08-27 16:21:23.557308977 +0700 +0700 2024-08-27 16:21:23.55730903 +0700 +0700}]}
